# JRE version: OpenJDK Runtime Environment (11.0+28) (build 11+28)
# Java VM: OpenJDK 64-Bit Server VM (11+28, mixed mode, tiered, compressed oops, g1 gc, windows-amd64)
Heap:
 garbage-first heap   total 753664K, used 345815K [0x0000000603600000, 0x0000000800000000)
  region size 2048K, 55 young (112640K), 15 survivors (30720K)
 Metaspace       used 127442K, capacity 130246K, committed 130508K, reserved 1165312K
  class space    used 14149K, capacity 15213K, committed 15308K, reserved 1048576K
GC Heap History (10 events):
Event: 38.535 GC heap before
{Heap before GC invocations=31 (full 0):
 garbage-first heap   total 753664K, used 641974K [0x0000000603600000, 0x0000000800000000)
  region size 2048K, 210 young (430080K), 17 survivors (34816K)
 Metaspace       used 122237K, capacity 124827K, committed 125004K, reserved 1159168K
  class space    used 13627K, capacity 14603K, committed 14668K, reserved 1048576K
}
Event: 38.544 GC heap after
{Heap after GC invocations=32 (full 0):
 garbage-first heap   total 753664K, used 248700K [0x0000000603600000, 0x0000000800000000)
  region size 2048K, 14 young (28672K), 14 survivors (28672K)
 Metaspace       used 122237K, capacity 124827K, committed 125004K, reserved 1159168K
  class space    used 13627K, capacity 14603K, committed 14668K, reserved 1048576K
}
Event: 39.015 GC heap before
{Heap before GC invocations=32 (full 0):
 garbage-first heap   total 753664K, used 648060K [0x0000000603600000, 0x0000000800000000)
  region size 2048K, 209 young (428032K), 14 survivors (28672K)
 Metaspace       used 122714K, capacity 125250K, committed 125516K, reserved 1161216K
  class space    used 13658K, capacity 14636K, committed 14668K, reserved 1048576K
}
Event: 39.024 GC heap after
{Heap after GC invocations=33 (full 0):
 garbage-first heap   total 753664K, used 251163K [0x0000000603600000, 0x0000000800000000)
  region size 2048K, 16 young (32768K), 16 survivors (32768K)
 Metaspace       used 122714K, capacity 125250K, committed 125516K, reserved 1161216K
  class space    used 13658K, capacity 14636K, committed 14668K, reserved 1048576K
}
Event: 39.559 GC heap before
{Heap before GC invocations=33 (full 0):
 garbage-first heap   total 753664K, used 642331K [0x0000000603600000, 0x0000000800000000)
  region size 2048K, 207 young (423936K), 16 survivors (32768K)
 Metaspace       used 123582K, capacity 126227K, committed 126412K, reserved 1161216K
  class space    used 13714K, capacity 14703K, committed 14796K, reserved 1048576K
}
Event: 39.568 GC heap after
{Heap after GC invocations=34 (full 0):
 garbage-first heap   total 753664K, used 254969K [0x0000000603600000, 0x0000000800000000)
  region size 2048K, 14 young (28672K), 14 survivors (28672K)
 Metaspace       used 123582K, capacity 126227K, committed 126412K, reserved 1161216K
  class space    used 13714K, capacity 14703K, committed 14796K, reserved 1048576K
}
Event: 40.091 GC heap before
{Heap before GC invocations=34 (full 0):
 garbage-first heap   total 753664K, used 648185K [0x0000000603600000, 0x0000000800000000)
  region size 2048K, 206 young (421888K), 14 survivors (28672K)
 Metaspace       used 124364K, capacity 126975K, committed 127180K, reserved 1161216K
  class space    used 13758K, capacity 14737K, committed 14796K, reserved 1048576K
}
Event: 40.099 GC heap after
{Heap after GC invocations=35 (full 0):
 garbage-first heap   total 753664K, used 261420K [0x0000000603600000, 0x0000000800000000)
  region size 2048K, 17 young (34816K), 17 survivors (34816K)
 Metaspace       used 124364K, capacity 126975K, committed 127180K, reserved 1161216K
  class space    used 13758K, capacity 14737K, committed 14796K, reserved 1048576K
}
Event: 40.493 GC heap before
{Heap before GC invocations=35 (full 0):
 garbage-first heap   total 753664K, used 642348K [0x0000000603600000, 0x0000000800000000)
  region size 2048K, 203 young (415744K), 17 survivors (34816K)
 Metaspace       used 125308K, capacity 127933K, committed 128076K, reserved 1163264K
  class space    used 13843K, capacity 14842K, committed 14924K, reserved 1048576K
}
Event: 40.503 GC heap after
{Heap after GC invocations=36 (full 0):
 garbage-first heap   total 753664K, used 265943K [0x0000000603600000, 0x0000000800000000)
  region size 2048K, 15 young (30720K), 15 survivors (30720K)
 Metaspace       used 125308K, capacity 127933K, committed 128076K, reserved 1163264K
  class space    used 13843K, capacity 14842K, committed 14924K, reserved 1048576K
}

